20.10.2016 - 08:55 : Module not loaded. Invalid core or version (Buffed
.mangos.3)
20.10.2016 - 08:55 : Module not loaded. Invalid core or version (LookUp
.mangos.3)
20.10.2016 - 08:55 : Module not loaded. Invalid core or version (QuestBuilder
.mangos.3)
20.10.2016 - 08:55 : Module not loaded. Invalid core or version (Character
.mangos.3)
20.10.2016 - 09:05 : Module not loaded. Invalid core or version (Buffed
.mangos.3)
20.10.2016 - 09:05 : Module not loaded. Invalid core or version (LookUp
.mangos.3)
20.10.2016 - 09:06 : Module not loaded. Invalid core or version (Buffed
.mangos.3)
20.10.2016 - 09:06 : Module not loaded. Invalid core or version (LookUp
.mangos.3)
20.10.2016 - 09:06 : Module not loaded. Invalid core or version (QuestBuilder
.mangos.3)
20.10.2016 - 09:06 : Module not loaded. Invalid core or version (Character
.mangos.3)
20.10.2016 - 09:15 : Module not loaded. Invalid core or version (Buffed
.mangos.3)
20.10.2016 - 09:15 : Module not loaded. Invalid core or version (LookUp
.mangos.3)
20.10.2016 - 09:15 : Module not loaded. Invalid core or version (QuestBuilder
.mangos.3)
20.10.2016 - 09:15 : Module not loaded. Invalid core or version (Character
.mangos.3)
20.10.2016 - 12:58 : Module not loaded. Invalid core or version (Buffed
.mangos.3)
20.10.2016 - 12:58 : Module not loaded. Invalid core or version (LookUp
.mangos.3)
20.10.2016 - 12:58 : Module not loaded. Invalid core or version (QuestBuilder
.mangos.3)
20.10.2016 - 12:58 : Module not loaded. Invalid core or version (Character
.mangos.3)
20.10.2016 - 12:58 : Module not loaded. Invalid core or version (Buffed
.mangos.3)
20.10.2016 - 12:58 : Module not loaded. Invalid core or version (LookUp
.mangos.3)
20.10.2016 - 12:58 : Module not loaded. Invalid core or version (Buffed
.mangos.3)
20.10.2016 - 12:58 : Module not loaded. Invalid core or version (LookUp
.mangos.3)
20.10.2016 - 12:58 : Module not loaded. Invalid core or version (QuestBuilder
.mangos.3)
20.10.2016 - 12:58 : Module not loaded. Invalid core or version (Character
.mangos.3)
20.10.2016 - 13:02 : Module not loaded. Invalid core or version (Buffed
.mangos.3)
20.10.2016 - 13:02 : Module not loaded. Invalid core or version (LookUp
.mangos.3)
20.10.2016 - 13:02 : Module not loaded. Invalid core or version (QuestBuilder
.mangos.3)
20.10.2016 - 13:02 : Module not loaded. Invalid core or version (Character
.mangos.3)
20.10.2016 - 13:22 : Module not loaded. Invalid core or version (Buffed
.mangos.3)
20.10.2016 - 13:22 : Module not loaded. Invalid core or version (LookUp
.mangos.3)
20.10.2016 - 13:22 : Module not loaded. Invalid core or version (QuestBuilder
.mangos.3)
20.10.2016 - 13:22 : Module not loaded. Invalid core or version (Character
.mangos.3)
20.10.2016 - 13:23 : Module not loaded. Invalid core or version (Buffed
.mangos.3)
20.10.2016 - 13:23 : Module not loaded. Invalid core or version (LookUp
.mangos.3)
20.10.2016 - 13:23 : Module not loaded. Invalid core or version (QuestBuilder
.mangos.3)
20.10.2016 - 13:23 : Module not loaded. Invalid core or version (Character
.mangos.3)
20.10.2016 - 13:24 : Module not loaded. Invalid core or version (Buffed
.mangos.3)
20.10.2016 - 13:24 : Module not loaded. Invalid core or version (LookUp
.mangos.3)
20.10.2016 - 13:24 : Module not loaded. Invalid core or version (QuestBuilder
.mangos.3)
20.10.2016 - 13:24 : Module not loaded. Invalid core or version (Character
.mangos.3)
20.10.2016 - 13:26 : Module not loaded. Invalid core or version (Buffed
.mangos.3)
20.10.2016 - 13:26 : Module not loaded. Invalid core or version (LookUp
.mangos.3)
20.10.2016 - 13:26 : Module not loaded. Invalid core or version (QuestBuilder
.mangos.3)
20.10.2016 - 13:26 : Module not loaded. Invalid core or version (Character
.mangos.3)
20.10.2016 - 13:55 : Module not loaded. Invalid core or version (Buffed
.mangos.3)
20.10.2016 - 13:55 : Module not loaded. Invalid core or version (LookUp
.mangos.3)
20.10.2016 - 13:55 : Module not loaded. Invalid core or version (QuestBuilder
.mangos.3)
20.10.2016 - 13:55 : Module not loaded. Invalid core or version (Character
.mangos.3)
20.10.2016 - 13:55 : Module not loaded. Invalid core or version (Buffed
.mangos.3)
20.10.2016 - 13:55 : Module not loaded. Invalid core or version (LookUp
.mangos.3)
20.10.2016 - 13:55 : Module not loaded. Invalid core or version (QuestBuilder
.mangos.3)
20.10.2016 - 13:55 : Module not loaded. Invalid core or version (Character
.mangos.3)
20.10.2016 - 13:57 : Module not loaded. Invalid core or version (Buffed
.mangos.3)
20.10.2016 - 13:57 : Module not loaded. Invalid core or version (LookUp
.mangos.3)
20.10.2016 - 13:57 : Module not loaded. Invalid core or version (QuestBuilder
.mangos.3)
20.10.2016 - 13:57 : Module not loaded. Invalid core or version (Character
.mangos.3)
20.10.2016 - 13:59 : Module not loaded. Invalid core or version (Buffed
.mangos.3)
20.10.2016 - 13:59 : Module not loaded. Invalid core or version (LookUp
.mangos.3)
20.10.2016 - 13:59 : Module not loaded. Invalid core or version (QuestBuilder
.mangos.3)
20.10.2016 - 13:59 : Module not loaded. Invalid core or version (Character
.mangos.3)
20.10.2016 - 14:21 : Module not loaded. Invalid core or version (Buffed
.mangos.3)
20.10.2016 - 14:21 : Module not loaded. Invalid core or version (LookUp
.mangos.3)
20.10.2016 - 14:21 : Module not loaded. Invalid core or version (QuestBuilder
.mangos.3)
20.10.2016 - 14:21 : Module not loaded. Invalid core or version (Character
.mangos.3)
20.10.2016 - 14:29 : Module not loaded. Invalid core or version (Buffed
.mangos.3)
20.10.2016 - 14:29 : Module not loaded. Invalid core or version (LookUp
.mangos.3)
20.10.2016 - 14:29 : Module not loaded. Invalid core or version (QuestBuilder
.mangos.3)
20.10.2016 - 14:29 : Module not loaded. Invalid core or version (Character
.mangos.3)
20.10.2016 - 14:30 : Module not loaded. Invalid core or version (Buffed
.mangos.3)
20.10.2016 - 14:30 : Module not loaded. Invalid core or version (LookUp
.mangos.3)
20.10.2016 - 14:30 : Module not loaded. Invalid core or version (QuestBuilder
.mangos.3)
20.10.2016 - 14:30 : Module not loaded. Invalid core or version (Character
.mangos.3)
20.10.2016 - 14:31 : Module not loaded. Invalid core or version (Buffed
.mangos.3)
20.10.2016 - 14:31 : Module not loaded. Invalid core or version (LookUp
.mangos.3)
20.10.2016 - 14:31 : Module not loaded. Invalid core or version (QuestBuilder
.mangos.3)
20.10.2016 - 14:31 : Module not loaded. Invalid core or version (Character
.mangos.3)
21.10.2016 - 07:35 : Module not loaded. Invalid core or version (Buffed
.mangos.3)
21.10.2016 - 07:35 : Module not loaded. Invalid core or version (LookUp
.mangos.3)
21.10.2016 - 08:58 : Module not loaded. Invalid core or version (Buffed
.mangos.3)
21.10.2016 - 08:58 : Module not loaded. Invalid core or version (LookUp
.mangos.3)
21.10.2016 - 08:58 : Module not loaded. Invalid core or version (QuestBuilder
.mangos.3)
21.10.2016 - 08:58 : Module not loaded. Invalid core or version (Character
.mangos.3)
21.10.2016 - 08:59 : Module not loaded. Invalid core or version (Buffed
.mangos.3)
21.10.2016 - 08:59 : Module not loaded. Invalid core or version (LookUp
.mangos.3)
21.10.2016 - 08:59 : Module not loaded. Invalid core or version (QuestBuilder
.mangos.3)
21.10.2016 - 08:59 : Module not loaded. Invalid core or version (Character
.mangos.3)
21.10.2016 - 08:59 : Module not loaded. Invalid core or version (Buffed
.mangos.3)
21.10.2016 - 08:59 : Module not loaded. Invalid core or version (LookUp
.mangos.3)
21.10.2016 - 08:59 : Module not loaded. Invalid core or version (QuestBuilder
.mangos.3)
21.10.2016 - 08:59 : Module not loaded. Invalid core or version (Character
.mangos.3)
21.10.2016 - 08:59 : Module not loaded. Invalid core or version (Buffed
.mangos.3)
21.10.2016 - 08:59 : Module not loaded. Invalid core or version (LookUp
.mangos.3)
21.10.2016 - 08:59 : Module not loaded. Invalid core or version (QuestBuilder
.mangos.3)
21.10.2016 - 08:59 : Module not loaded. Invalid core or version (Character
.mangos.3)
21.10.2016 - 09:00 : Module not loaded. Invalid core or version (Buffed
.mangos.3)
21.10.2016 - 09:00 : Module not loaded. Invalid core or version (LookUp
.mangos.3)
21.10.2016 - 09:00 : Module not loaded. Invalid core or version (QuestBuilder
.mangos.3)
21.10.2016 - 09:00 : Module not loaded. Invalid core or version (Character
.mangos.3)
21.10.2016 - 09:00 : Module not loaded. Invalid core or version (Buffed
.mangos.3)
21.10.2016 - 09:00 : Module not loaded. Invalid core or version (LookUp
.mangos.3)
21.10.2016 - 09:00 : Module not loaded. Invalid core or version (QuestBuilder
.mangos.3)
21.10.2016 - 09:00 : Module not loaded. Invalid core or version (Character
.mangos.3)
21.10.2016 - 09:54 : Module not loaded. Invalid core or version (Buffed
.mangos.3)
21.10.2016 - 09:54 : Module not loaded. Invalid core or version (LookUp
.mangos.3)
21.10.2016 - 09:54 : Module not loaded. Invalid core or version (QuestBuilder
.mangos.3)
21.10.2016 - 09:54 : Module not loaded. Invalid core or version (Character
.mangos.3)
21.10.2016 - 09:55 : Module not loaded. Invalid core or version (Buffed
.mangos.3)
21.10.2016 - 09:55 : Module not loaded. Invalid core or version (LookUp
.mangos.3)
21.10.2016 - 09:55 : Module not loaded. Invalid core or version (QuestBuilder
.mangos.3)
21.10.2016 - 09:55 : Module not loaded. Invalid core or version (Character
.mangos.3)
21.10.2016 - 09:55 : Module not loaded. Invalid core or version (Buffed
.mangos.3)
21.10.2016 - 09:55 : Module not loaded. Invalid core or version (LookUp
.mangos.3)
21.10.2016 - 09:55 : Module not loaded. Invalid core or version (QuestBuilder
.mangos.3)
21.10.2016 - 09:55 : Module not loaded. Invalid core or version (Character
.mangos.3)
21.10.2016 - 10:01 : Module not loaded. Invalid core or version (Buffed
.mangos.3)
21.10.2016 - 10:01 : Module not loaded. Invalid core or version (LookUp
.mangos.3)
21.10.2016 - 10:01 : Module not loaded. Invalid core or version (QuestBuilder
.mangos.3)
21.10.2016 - 10:01 : Module not loaded. Invalid core or version (Character
.mangos.3)
21.10.2016 - 10:01 : Module not loaded. Invalid core or version (Buffed
.mangos.3)
21.10.2016 - 10:01 : Module not loaded. Invalid core or version (LookUp
.mangos.3)
21.10.2016 - 10:01 : Module not loaded. Invalid core or version (QuestBuilder
.mangos.3)
21.10.2016 - 10:01 : Module not loaded. Invalid core or version (Character
.mangos.3)
21.10.2016 - 10:12 : Module not loaded. Invalid core or version (Buffed
.mangos.3)
21.10.2016 - 10:12 : Module not loaded. Invalid core or version (LookUp
.mangos.3)
21.10.2016 - 10:12 : Module not loaded. Invalid core or version (QuestBuilder
.mangos.3)
21.10.2016 - 10:12 : Module not loaded. Invalid core or version (Character
.mangos.3)
21.10.2016 - 10:13 : Module not loaded. Invalid core or version (Buffed
.mangos.3)
21.10.2016 - 10:13 : Module not loaded. Invalid core or version (LookUp
.mangos.3)
21.10.2016 - 10:13 : Module not loaded. Invalid core or version (QuestBuilder
.mangos.3)
21.10.2016 - 10:13 : Module not loaded. Invalid core or version (Character
.mangos.3)
21.10.2016 - 10:13 : Module not loaded. Invalid core or version (Buffed
.mangos.3)
21.10.2016 - 10:13 : Module not loaded. Invalid core or version (LookUp
.mangos.3)
21.10.2016 - 10:13 : Module not loaded. Invalid core or version (QuestBuilder
.mangos.3)
21.10.2016 - 10:13 : Module not loaded. Invalid core or version (Character
.mangos.3)
21.10.2016 - 10:14 : Module not loaded. Invalid core or version (Buffed
.mangos.3)
21.10.2016 - 10:14 : Module not loaded. Invalid core or version (LookUp
.mangos.3)
21.10.2016 - 10:14 : Module not loaded. Invalid core or version (QuestBuilder
.mangos.3)
21.10.2016 - 10:14 : Module not loaded. Invalid core or version (Character
.mangos.3)
21.10.2016 - 10:18 : Module not loaded. Invalid core or version (Buffed
.mangos.3)
21.10.2016 - 10:18 : Module not loaded. Invalid core or version (LookUp
.mangos.3)
21.10.2016 - 10:18 : Module not loaded. Invalid core or version (QuestBuilder
.mangos.3)
21.10.2016 - 10:18 : Module not loaded. Invalid core or version (Character
.mangos.3)
21.10.2016 - 10:20 : Module not loaded. Invalid core or version (Buffed
.mangos.3)
21.10.2016 - 10:20 : Module not loaded. Invalid core or version (LookUp
.mangos.3)
21.10.2016 - 10:20 : Module not loaded. Invalid core or version (QuestBuilder
.mangos.3)
21.10.2016 - 10:20 : Module not loaded. Invalid core or version (Character
.mangos.3)
21.10.2016 - 10:20 : Module not loaded. Invalid core or version (Buffed
.mangos.3)
21.10.2016 - 10:20 : Module not loaded. Invalid core or version (LookUp
.mangos.3)
21.10.2016 - 10:20 : Module not loaded. Invalid core or version (QuestBuilder
.mangos.3)
21.10.2016 - 10:20 : Module not loaded. Invalid core or version (Character
.mangos.3)
21.10.2016 - 10:21 : Module not loaded. Invalid core or version (Buffed
.mangos.3)
21.10.2016 - 10:21 : Module not loaded. Invalid core or version (LookUp
.mangos.3)
21.10.2016 - 10:21 : Module not loaded. Invalid core or version (QuestBuilder
.mangos.3)
21.10.2016 - 10:21 : Module not loaded. Invalid core or version (Character
.mangos.3)
21.10.2016 - 10:23 : Module not loaded. Invalid core or version (Buffed
.mangos.3)
21.10.2016 - 10:23 : Module not loaded. Invalid core or version (LookUp
.mangos.3)
21.10.2016 - 10:23 : Module not loaded. Invalid core or version (QuestBuilder
.mangos.3)
21.10.2016 - 10:23 : Module not loaded. Invalid core or version (Character
.mangos.3)
24.10.2016 - 07:50 : Module not loaded. Invalid core or version (Buffed
.mangos.3)
24.10.2016 - 07:50 : Module not loaded. Invalid core or version (LookUp
.mangos.3)
24.10.2016 - 07:50 : Module not loaded. Invalid core or version (QuestBuilder
.mangos.3)
24.10.2016 - 07:50 : Module not loaded. Invalid core or version (Character
.mangos.3)
24.10.2016 - 07:51 : Module not loaded. Invalid core or version (Buffed
.mangos.3)
24.10.2016 - 07:51 : Module not loaded. Invalid core or version (LookUp
.mangos.3)
24.10.2016 - 07:51 : Module not loaded. Invalid core or version (QuestBuilder
.mangos.3)
24.10.2016 - 07:51 : Module not loaded. Invalid core or version (Character
.mangos.3)
24.10.2016 - 07:58 : Module not loaded. Invalid core or version (Buffed
.mangos.3)
24.10.2016 - 07:58 : Module not loaded. Invalid core or version (LookUp
.mangos.3)
24.10.2016 - 07:58 : Module not loaded. Invalid core or version (QuestBuilder
.mangos.3)
24.10.2016 - 07:58 : Module not loaded. Invalid core or version (Character
.mangos.3)
24.10.2016 - 07:59 : Module not loaded. Invalid core or version (Buffed
.mangos.3)
24.10.2016 - 07:59 : Module not loaded. Invalid core or version (LookUp
.mangos.3)
24.10.2016 - 07:59 : Module not loaded. Invalid core or version (QuestBuilder
.mangos.3)
24.10.2016 - 07:59 : Module not loaded. Invalid core or version (Character
.mangos.3)
24.10.2016 - 08:00 : Module not loaded. Invalid core or version (Buffed
.mangos.3)
24.10.2016 - 08:00 : Module not loaded. Invalid core or version (LookUp
.mangos.3)
24.10.2016 - 08:00 : Module not loaded. Invalid core or version (QuestBuilder
.mangos.3)
24.10.2016 - 08:00 : Module not loaded. Invalid core or version (Character
.mangos.3)
24.10.2016 - 08:01 : Module not loaded. Invalid core or version (Buffed
.mangos.3)
24.10.2016 - 08:01 : Module not loaded. Invalid core or version (LookUp
.mangos.3)
24.10.2016 - 08:01 : Module not loaded. Invalid core or version (QuestBuilder
.mangos.3)
24.10.2016 - 08:01 : Module not loaded. Invalid core or version (Character
.mangos.3)
24.10.2016 - 08:09 : Module not loaded. Invalid core or version (Buffed
.mangos.3)
24.10.2016 - 08:09 : Module not loaded. Invalid core or version (LookUp
.mangos.3)
24.10.2016 - 08:09 : Module not loaded. Invalid core or version (QuestBuilder
.mangos.3)
24.10.2016 - 08:09 : Module not loaded. Invalid core or version (Character
.mangos.3)
24.10.2016 - 08:14 : Module not loaded. Invalid core or version (Buffed
.mangos.3)
24.10.2016 - 08:14 : Module not loaded. Invalid core or version (LookUp
.mangos.3)
24.10.2016 - 08:14 : Module not loaded. Invalid core or version (QuestBuilder
.mangos.3)
24.10.2016 - 08:14 : Module not loaded. Invalid core or version (Character
.mangos.3)
24.10.2016 - 08:14 : Module not loaded. Invalid core or version (Buffed
.mangos.3)
24.10.2016 - 08:14 : Module not loaded. Invalid core or version (LookUp
.mangos.3)
24.10.2016 - 08:14 : Module not loaded. Invalid core or version (QuestBuilder
.mangos.3)
24.10.2016 - 08:14 : Module not loaded. Invalid core or version (Character
.mangos.3)
24.10.2016 - 08:15 : Module not loaded. Invalid core or version (Buffed
.mangos.3)
24.10.2016 - 08:15 : Module not loaded. Invalid core or version (LookUp
.mangos.3)
24.10.2016 - 08:15 : Module not loaded. Invalid core or version (QuestBuilder
.mangos.3)
24.10.2016 - 08:15 : Module not loaded. Invalid core or version (Character
.mangos.3)
24.10.2016 - 10:13 : Module not loaded. Invalid core or version (Buffed
.mangos.3)
24.10.2016 - 10:13 : Module not loaded. Invalid core or version (LookUp
.mangos.3)
24.10.2016 - 10:13 : Module not loaded. Invalid core or version (QuestBuilder
.mangos.3)
24.10.2016 - 10:13 : Module not loaded. Invalid core or version (Character
.mangos.3)
24.10.2016 - 13:49 : Module not loaded. Invalid core or version (Buffed
.mangos.3)
24.10.2016 - 13:49 : Module not loaded. Invalid core or version (LookUp
.mangos.3)
24.10.2016 - 13:49 : Module not loaded. Invalid core or version (QuestBuilder
.mangos.3)
24.10.2016 - 13:49 : Module not loaded. Invalid core or version (Character
.mangos.3)
24.10.2016 - 13:49 : Module not loaded. Invalid core or version (Buffed
.mangos.3)
24.10.2016 - 13:49 : Module not loaded. Invalid core or version (LookUp
.mangos.3)
24.10.2016 - 13:49 : Module not loaded. Invalid core or version (Buffed
.mangos.3)
24.10.2016 - 13:49 : Module not loaded. Invalid core or version (LookUp
.mangos.3)
24.10.2016 - 13:49 : Module not loaded. Invalid core or version (Buffed
.mangos.3)
24.10.2016 - 13:49 : Module not loaded. Invalid core or version (LookUp
.mangos.3)
24.10.2016 - 14:40 : Module not loaded. Invalid core or version (Buffed
.mangos.3)
24.10.2016 - 14:40 : Module not loaded. Invalid core or version (LookUp
.mangos.3)
24.10.2016 - 14:42 : Module not loaded. Invalid core or version (Buffed
.mangos.3)
24.10.2016 - 14:42 : Module not loaded. Invalid core or version (LookUp
.mangos.3)
25.10.2016 - 08:57 : Module not loaded. Invalid core or version (Buffed
.mangos.3)
25.10.2016 - 08:57 : Module not loaded. Invalid core or version (LookUp
.mangos.3)
25.10.2016 - 08:57 : Module not loaded. Invalid core or version (Buffed
.mangos.3)
25.10.2016 - 08:57 : Module not loaded. Invalid core or version (LookUp
.mangos.3)
25.10.2016 - 08:57 : Module not loaded. Invalid core or version (QuestBuilder
.mangos.3)
25.10.2016 - 08:57 : Module not loaded. Invalid core or version (Character
.mangos.3)
25.10.2016 - 08:57 : Module not loaded. Invalid core or version (Buffed
.mangos.3)
25.10.2016 - 08:57 : Module not loaded. Invalid core or version (LookUp
.mangos.3)
25.10.2016 - 08:57 : Module not loaded. Invalid core or version (QuestBuilder
.mangos.3)
25.10.2016 - 08:57 : Module not loaded. Invalid core or version (Character
.mangos.3)
25.10.2016 - 08:58 : Module not loaded. Invalid core or version (Buffed
.mangos.3)
25.10.2016 - 08:58 : Module not loaded. Invalid core or version (LookUp
.mangos.3)
25.10.2016 - 08:58 : Module not loaded. Invalid core or version (QuestBuilder
.mangos.3)
25.10.2016 - 08:58 : Module not loaded. Invalid core or version (Character
.mangos.3)
25.10.2016 - 08:58 : Module not loaded. Invalid core or version (Buffed
.mangos.3)
25.10.2016 - 08:58 : Module not loaded. Invalid core or version (LookUp
.mangos.3)
25.10.2016 - 08:58 : Module not loaded. Invalid core or version (QuestBuilder
.mangos.3)
25.10.2016 - 08:58 : Module not loaded. Invalid core or version (Character
.mangos.3)
25.10.2016 - 08:59 : Module not loaded. Invalid core or version (Buffed
.mangos.3)
25.10.2016 - 08:59 : Module not loaded. Invalid core or version (LookUp
.mangos.3)
25.10.2016 - 08:59 : Module not loaded. Invalid core or version (QuestBuilder
.mangos.3)
25.10.2016 - 08:59 : Module not loaded. Invalid core or version (Character
.mangos.3)
25.10.2016 - 08:59 : Module not loaded. Invalid core or version (Buffed
.mangos.3)
25.10.2016 - 08:59 : Module not loaded. Invalid core or version (LookUp
.mangos.3)
25.10.2016 - 08:59 : Module not loaded. Invalid core or version (QuestBuilder
.mangos.3)
25.10.2016 - 08:59 : Module not loaded. Invalid core or version (Character
.mangos.3)
25.10.2016 - 09:00 : Module not loaded. Invalid core or version (Buffed
.mangos.3)
25.10.2016 - 09:00 : Module not loaded. Invalid core or version (LookUp
.mangos.3)
25.10.2016 - 09:00 : Module not loaded. Invalid core or version (QuestBuilder
.mangos.3)
25.10.2016 - 09:00 : Module not loaded. Invalid core or version (Character
.mangos.3)
25.10.2016 - 09:02 : Module not loaded. Invalid core or version (Buffed
.mangos.3)
25.10.2016 - 09:02 : Module not loaded. Invalid core or version (LookUp
.mangos.3)
25.10.2016 - 09:02 : Module not loaded. Invalid core or version (QuestBuilder
.mangos.3)
25.10.2016 - 09:02 : Module not loaded. Invalid core or version (Character
.mangos.3)
25.10.2016 - 09:02 : Module not loaded. Invalid core or version (Buffed
.mangos.3)
25.10.2016 - 09:02 : Module not loaded. Invalid core or version (LookUp
.mangos.3)
25.10.2016 - 09:02 : Module not loaded. Invalid core or version (QuestBuilder
.mangos.3)
25.10.2016 - 09:02 : Module not loaded. Invalid core or version (Character
.mangos.3)
25.10.2016 - 09:02 : Module not loaded. Invalid core or version (Buffed
.mangos.3)
25.10.2016 - 09:02 : Module not loaded. Invalid core or version (LookUp
.mangos.3)
25.10.2016 - 09:02 : Module not loaded. Invalid core or version (QuestBuilder
.mangos.3)
25.10.2016 - 09:02 : Module not loaded. Invalid core or version (Character
.mangos.3)
25.10.2016 - 09:02 : Module not loaded. Invalid core or version (Buffed
.mangos.3)
25.10.2016 - 09:02 : Module not loaded. Invalid core or version (LookUp
.mangos.3)
25.10.2016 - 09:02 : Module not loaded. Invalid core or version (QuestBuilder
.mangos.3)
25.10.2016 - 09:02 : Module not loaded. Invalid core or version (Character
.mangos.3)
25.10.2016 - 09:02 : Module not loaded. Invalid core or version (Buffed
.mangos.3)
25.10.2016 - 09:02 : Module not loaded. Invalid core or version (LookUp
.mangos.3)
25.10.2016 - 09:02 : Module not loaded. Invalid core or version (QuestBuilder
.mangos.3)
25.10.2016 - 09:02 : Module not loaded. Invalid core or version (Character
.mangos.3)
25.10.2016 - 09:03 : Module not loaded. Invalid core or version (Buffed
.mangos.3)
25.10.2016 - 09:03 : Module not loaded. Invalid core or version (LookUp
.mangos.3)
25.10.2016 - 09:03 : Module not loaded. Invalid core or version (QuestBuilder
.mangos.3)
25.10.2016 - 09:03 : Module not loaded. Invalid core or version (Character
.mangos.3)
25.10.2016 - 09:03 : Module not loaded. Invalid core or version (Buffed
.mangos.3)
25.10.2016 - 09:03 : Module not loaded. Invalid core or version (LookUp
.mangos.3)
25.10.2016 - 09:03 : Module not loaded. Invalid core or version (QuestBuilder
.mangos.3)
25.10.2016 - 09:03 : Module not loaded. Invalid core or version (Character
.mangos.3)
25.10.2016 - 09:03 : Module not loaded. Invalid core or version (Buffed
.mangos.3)
25.10.2016 - 09:03 : Module not loaded. Invalid core or version (LookUp
.mangos.3)
25.10.2016 - 09:03 : Module not loaded. Invalid core or version (QuestBuilder
.mangos.3)
25.10.2016 - 09:03 : Module not loaded. Invalid core or version (Character
.mangos.3)
25.10.2016 - 09:03 : Module not loaded. Invalid core or version (Buffed
.mangos.3)
25.10.2016 - 09:03 : Module not loaded. Invalid core or version (LookUp
.mangos.3)
25.10.2016 - 09:03 : Module not loaded. Invalid core or version (QuestBuilder
.mangos.3)
25.10.2016 - 09:03 : Module not loaded. Invalid core or version (Character
.mangos.3)
25.10.2016 - 09:03 : Module not loaded. Invalid core or version (Buffed
.mangos.3)
25.10.2016 - 09:03 : Module not loaded. Invalid core or version (LookUp
.mangos.3)
25.10.2016 - 09:03 : Module not loaded. Invalid core or version (QuestBuilder
.mangos.3)
25.10.2016 - 09:03 : Module not loaded. Invalid core or version (Character
.mangos.3)
25.10.2016 - 09:03 : Module not loaded. Invalid core or version (Buffed
.mangos.3)
25.10.2016 - 09:03 : Module not loaded. Invalid core or version (LookUp
.mangos.3)
25.10.2016 - 09:03 : Module not loaded. Invalid core or version (QuestBuilder
.mangos.3)
25.10.2016 - 09:03 : Module not loaded. Invalid core or version (Character
.mangos.3)
25.10.2016 - 09:05 : Module not loaded. Invalid core or version (Buffed
.mangos.3)
25.10.2016 - 09:05 : Module not loaded. Invalid core or version (LookUp
.mangos.3)
25.10.2016 - 09:05 : Module not loaded. Invalid core or version (QuestBuilder
.mangos.3)
25.10.2016 - 09:05 : Module not loaded. Invalid core or version (Character
.mangos.3)
25.10.2016 - 09:11 : Module not loaded. Invalid core or version (Buffed
.mangos.3)
25.10.2016 - 09:11 : Module not loaded. Invalid core or version (LookUp
.mangos.3)
25.10.2016 - 09:11 : Module not loaded. Invalid core or version (QuestBuilder
.mangos.3)
25.10.2016 - 09:11 : Module not loaded. Invalid core or version (Character
.mangos.3)
25.10.2016 - 09:11 : Module not loaded. Invalid core or version (Buffed
.mangos.3)
25.10.2016 - 09:11 : Module not loaded. Invalid core or version (LookUp
.mangos.3)
25.10.2016 - 09:11 : Module not loaded. Invalid core or version (QuestBuilder
.mangos.3)
25.10.2016 - 09:11 : Module not loaded. Invalid core or version (Character
.mangos.3)
25.10.2016 - 09:11 : Module not loaded. Invalid core or version (Buffed
.mangos.3)
25.10.2016 - 09:11 : Module not loaded. Invalid core or version (LookUp
.mangos.3)
25.10.2016 - 09:11 : Module not loaded. Invalid core or version (QuestBuilder
.mangos.3)
25.10.2016 - 09:11 : Module not loaded. Invalid core or version (Character
.mangos.3)
25.10.2016 - 09:11 : Module not loaded. Invalid core or version (Buffed
.mangos.3)
25.10.2016 - 09:11 : Module not loaded. Invalid core or version (LookUp
.mangos.3)
25.10.2016 - 09:11 : Module not loaded. Invalid core or version (QuestBuilder
.mangos.3)
25.10.2016 - 09:11 : Module not loaded. Invalid core or version (Character
.mangos.3)
25.10.2016 - 09:11 : Module not loaded. Invalid core or version (Buffed
.mangos.3)
25.10.2016 - 09:11 : Module not loaded. Invalid core or version (LookUp
.mangos.3)
25.10.2016 - 09:11 : Module not loaded. Invalid core or version (QuestBuilder
.mangos.3)
25.10.2016 - 09:11 : Module not loaded. Invalid core or version (Character
.mangos.3)
25.10.2016 - 09:11 : Module not loaded. Invalid core or version (Buffed
.mangos.3)
25.10.2016 - 09:11 : Module not loaded. Invalid core or version (LookUp
.mangos.3)
25.10.2016 - 09:11 : Module not loaded. Invalid core or version (QuestBuilder
.mangos.3)
25.10.2016 - 09:11 : Module not loaded. Invalid core or version (Character
.mangos.3)
25.10.2016 - 09:23 : Module not loaded. Invalid core or version (Buffed
.mangos.3)
25.10.2016 - 09:23 : Module not loaded. Invalid core or version (LookUp
.mangos.3)
25.10.2016 - 09:23 : Module not loaded. Invalid core or version (QuestBuilder
.mangos.3)
25.10.2016 - 09:23 : Module not loaded. Invalid core or version (Character
.mangos.3)
25.10.2016 - 09:23 : Module not loaded. Invalid core or version (Buffed
.mangos.3)
25.10.2016 - 09:23 : Module not loaded. Invalid core or version (LookUp
.mangos.3)
25.10.2016 - 09:23 : Module not loaded. Invalid core or version (QuestBuilder
.mangos.3)
25.10.2016 - 09:23 : Module not loaded. Invalid core or version (Character
.mangos.3)
25.10.2016 - 09:24 : Module not loaded. Invalid core or version (Buffed
.mangos.3)
25.10.2016 - 09:24 : Module not loaded. Invalid core or version (LookUp
.mangos.3)
25.10.2016 - 09:24 : Module not loaded. Invalid core or version (QuestBuilder
.mangos.3)
25.10.2016 - 09:24 : Module not loaded. Invalid core or version (Character
.mangos.3)
25.10.2016 - 09:24 : Module not loaded. Invalid core or version (Buffed
.mangos.3)
25.10.2016 - 09:24 : Module not loaded. Invalid core or version (LookUp
.mangos.3)
25.10.2016 - 09:24 : Module not loaded. Invalid core or version (QuestBuilder
.mangos.3)
25.10.2016 - 09:24 : Module not loaded. Invalid core or version (Character
.mangos.3)
25.10.2016 - 09:24 : Module not loaded. Invalid core or version (Buffed
.mangos.3)
25.10.2016 - 09:24 : Module not loaded. Invalid core or version (LookUp
.mangos.3)
25.10.2016 - 09:24 : Module not loaded. Invalid core or version (QuestBuilder
.mangos.3)
25.10.2016 - 09:24 : Module not loaded. Invalid core or version (Character
.mangos.3)
25.10.2016 - 09:25 : Module not loaded. Invalid core or version (Buffed
.mangos.3)
25.10.2016 - 09:25 : Module not loaded. Invalid core or version (LookUp
.mangos.3)
25.10.2016 - 09:25 : Module not loaded. Invalid core or version (QuestBuilder
.mangos.3)
25.10.2016 - 09:25 : Module not loaded. Invalid core or version (Character
.mangos.3)
25.10.2016 - 09:26 : Module not loaded. Invalid core or version (Buffed
.mangos.3)
25.10.2016 - 09:26 : Module not loaded. Invalid core or version (LookUp
.mangos.3)
25.10.2016 - 09:26 : Module not loaded. Invalid core or version (QuestBuilder
.mangos.3)
25.10.2016 - 09:26 : Module not loaded. Invalid core or version (Character
.mangos.3)
25.10.2016 - 09:26 : Module not loaded. Invalid core or version (Buffed
.mangos.3)
25.10.2016 - 09:26 : Module not loaded. Invalid core or version (LookUp
.mangos.3)
25.10.2016 - 09:26 : Module not loaded. Invalid core or version (QuestBuilder
.mangos.3)
25.10.2016 - 09:26 : Module not loaded. Invalid core or version (Character
.mangos.3)
25.10.2016 - 09:26 : Module not loaded. Invalid core or version (Buffed
.mangos.3)
25.10.2016 - 09:26 : Module not loaded. Invalid core or version (LookUp
.mangos.3)
25.10.2016 - 09:26 : Module not loaded. Invalid core or version (QuestBuilder
.mangos.3)
25.10.2016 - 09:26 : Module not loaded. Invalid core or version (Character
.mangos.3)
25.10.2016 - 09:26 : Module not loaded. Invalid core or version (Buffed
.mangos.3)
25.10.2016 - 09:26 : Module not loaded. Invalid core or version (LookUp
.mangos.3)
25.10.2016 - 09:26 : Module not loaded. Invalid core or version (QuestBuilder
.mangos.3)
25.10.2016 - 09:26 : Module not loaded. Invalid core or version (Character
.mangos.3)
25.10.2016 - 09:27 : Module not loaded. Invalid core or version (Buffed
.mangos.3)
25.10.2016 - 09:27 : Module not loaded. Invalid core or version (LookUp
.mangos.3)
25.10.2016 - 09:27 : Module not loaded. Invalid core or version (QuestBuilder
.mangos.3)
25.10.2016 - 09:27 : Module not loaded. Invalid core or version (Character
.mangos.3)
25.10.2016 - 09:27 : Module not loaded. Invalid core or version (Buffed
.mangos.3)
25.10.2016 - 09:27 : Module not loaded. Invalid core or version (LookUp
.mangos.3)
25.10.2016 - 09:27 : Module not loaded. Invalid core or version (QuestBuilder
.mangos.3)
25.10.2016 - 09:27 : Module not loaded. Invalid core or version (Character
.mangos.3)
25.10.2016 - 09:28 : Module not loaded. Invalid core or version (Buffed
.mangos.3)
25.10.2016 - 09:28 : Module not loaded. Invalid core or version (LookUp
.mangos.3)
25.10.2016 - 09:28 : Module not loaded. Invalid core or version (QuestBuilder
.mangos.3)
25.10.2016 - 09:28 : Module not loaded. Invalid core or version (Character
.mangos.3)
25.10.2016 - 09:32 : Module not loaded. Invalid core or version (Buffed
.mangos.3)
25.10.2016 - 09:32 : Module not loaded. Invalid core or version (LookUp
.mangos.3)
25.10.2016 - 09:32 : Module not loaded. Invalid core or version (QuestBuilder
.mangos.3)
25.10.2016 - 09:32 : Module not loaded. Invalid core or version (Character
.mangos.3)
25.10.2016 - 09:54 : Module not loaded. Invalid core or version (Buffed
.mangos.3)
25.10.2016 - 09:54 : Module not loaded. Invalid core or version (LookUp
.mangos.3)
25.10.2016 - 09:54 : Module not loaded. Invalid core or version (QuestBuilder
.mangos.3)
25.10.2016 - 09:54 : Module not loaded. Invalid core or version (Character
.mangos.3)
25.10.2016 - 09:54 : Module not loaded. Invalid core or version (Buffed
.mangos.3)
25.10.2016 - 09:54 : Module not loaded. Invalid core or version (LookUp
.mangos.3)
25.10.2016 - 09:54 : Module not loaded. Invalid core or version (QuestBuilder
.mangos.3)
25.10.2016 - 09:54 : Module not loaded. Invalid core or version (Character
.mangos.3)
25.10.2016 - 09:55 : Module not loaded. Invalid core or version (Buffed
.mangos.3)
25.10.2016 - 09:55 : Module not loaded. Invalid core or version (LookUp
.mangos.3)
25.10.2016 - 09:55 : Module not loaded. Invalid core or version (QuestBuilder
.mangos.3)
25.10.2016 - 09:55 : Module not loaded. Invalid core or version (Character
.mangos.3)
25.10.2016 - 09:55 : Module not loaded. Invalid core or version (Buffed
.mangos.3)
25.10.2016 - 09:55 : Module not loaded. Invalid core or version (LookUp
.mangos.3)
25.10.2016 - 09:55 : Module not loaded. Invalid core or version (QuestBuilder
.mangos.3)
25.10.2016 - 09:55 : Module not loaded. Invalid core or version (Character
.mangos.3)
25.10.2016 - 09:55 : Module not loaded. Invalid core or version (Buffed
.mangos.3)
25.10.2016 - 09:55 : Module not loaded. Invalid core or version (LookUp
.mangos.3)
25.10.2016 - 09:55 : Module not loaded. Invalid core or version (QuestBuilder
.mangos.3)
25.10.2016 - 09:55 : Module not loaded. Invalid core or version (Character
.mangos.3)
25.10.2016 - 09:58 : Module not loaded. Invalid core or version (Buffed
.mangos.3)
25.10.2016 - 09:58 : Module not loaded. Invalid core or version (LookUp
.mangos.3)
25.10.2016 - 09:58 : Module not loaded. Invalid core or version (QuestBuilder
.mangos.3)
25.10.2016 - 09:58 : Module not loaded. Invalid core or version (Character
.mangos.3)
25.10.2016 - 09:59 : Module not loaded. Invalid core or version (Buffed
.mangos.3)
25.10.2016 - 09:59 : Module not loaded. Invalid core or version (LookUp
.mangos.3)
25.10.2016 - 09:59 : Module not loaded. Invalid core or version (QuestBuilder
.mangos.3)
25.10.2016 - 09:59 : Module not loaded. Invalid core or version (Character
.mangos.3)
25.10.2016 - 09:59 : Module not loaded. Invalid core or version (Buffed
.mangos.3)
25.10.2016 - 09:59 : Module not loaded. Invalid core or version (LookUp
.mangos.3)
25.10.2016 - 09:59 : Module not loaded. Invalid core or version (QuestBuilder
.mangos.3)
25.10.2016 - 09:59 : Module not loaded. Invalid core or version (Character
.mangos.3)
25.10.2016 - 09:59 : Module not loaded. Invalid core or version (Buffed
.mangos.3)
25.10.2016 - 09:59 : Module not loaded. Invalid core or version (LookUp
.mangos.3)
25.10.2016 - 09:59 : Module not loaded. Invalid core or version (QuestBuilder
.mangos.3)
25.10.2016 - 09:59 : Module not loaded. Invalid core or version (Character
.mangos.3)
25.10.2016 - 09:59 : Module not loaded. Invalid core or version (Buffed
.mangos.3)
25.10.2016 - 09:59 : Module not loaded. Invalid core or version (LookUp
.mangos.3)
25.10.2016 - 09:59 : Module not loaded. Invalid core or version (QuestBuilder
.mangos.3)
25.10.2016 - 09:59 : Module not loaded. Invalid core or version (Character
.mangos.3)
25.10.2016 - 09:59 : Module not loaded. Invalid core or version (Buffed
.mangos.3)
25.10.2016 - 09:59 : Module not loaded. Invalid core or version (LookUp
.mangos.3)
25.10.2016 - 09:59 : Module not loaded. Invalid core or version (QuestBuilder
.mangos.3)
25.10.2016 - 09:59 : Module not loaded. Invalid core or version (Character
.mangos.3)
25.10.2016 - 10:00 : Module not loaded. Invalid core or version (Buffed
.mangos.3)
25.10.2016 - 10:00 : Module not loaded. Invalid core or version (LookUp
.mangos.3)
25.10.2016 - 10:00 : Module not loaded. Invalid core or version (QuestBuilder
.mangos.3)
25.10.2016 - 10:00 : Module not loaded. Invalid core or version (Character
.mangos.3)
25.10.2016 - 10:00 : Module not loaded. Invalid core or version (Buffed
.mangos.3)
25.10.2016 - 10:00 : Module not loaded. Invalid core or version (LookUp
.mangos.3)
25.10.2016 - 10:00 : Module not loaded. Invalid core or version (QuestBuilder
.mangos.3)
25.10.2016 - 10:00 : Module not loaded. Invalid core or version (Character
.mangos.3)
25.10.2016 - 10:00 : Module not loaded. Invalid core or version (Buffed
.mangos.3)
25.10.2016 - 10:00 : Module not loaded. Invalid core or version (LookUp
.mangos.3)
25.10.2016 - 10:00 : Module not loaded. Invalid core or version (QuestBuilder
.mangos.3)
25.10.2016 - 10:00 : Module not loaded. Invalid core or version (Character
.mangos.3)
25.10.2016 - 10:00 : Module not loaded. Invalid core or version (Buffed
.mangos.3)
25.10.2016 - 10:00 : Module not loaded. Invalid core or version (LookUp
.mangos.3)
25.10.2016 - 10:00 : Module not loaded. Invalid core or version (QuestBuilder
.mangos.3)
25.10.2016 - 10:00 : Module not loaded. Invalid core or version (Character
.mangos.3)
25.10.2016 - 10:00 : Module not loaded. Invalid core or version (Buffed
.mangos.3)
25.10.2016 - 10:00 : Module not loaded. Invalid core or version (LookUp
.mangos.3)
25.10.2016 - 10:00 : Module not loaded. Invalid core or version (QuestBuilder
.mangos.3)
25.10.2016 - 10:00 : Module not loaded. Invalid core or version (Character
.mangos.3)
25.10.2016 - 10:01 : Module not loaded. Invalid core or version (Buffed
.mangos.3)
25.10.2016 - 10:01 : Module not loaded. Invalid core or version (LookUp
.mangos.3)
25.10.2016 - 10:01 : Module not loaded. Invalid core or version (QuestBuilder
.mangos.3)
25.10.2016 - 10:01 : Module not loaded. Invalid core or version (Character
.mangos.3)
25.10.2016 - 10:01 : Module not loaded. Invalid core or version (Buffed
.mangos.3)
25.10.2016 - 10:01 : Module not loaded. Invalid core or version (LookUp
.mangos.3)
25.10.2016 - 10:01 : Module not loaded. Invalid core or version (QuestBuilder
.mangos.3)
25.10.2016 - 10:01 : Module not loaded. Invalid core or version (Character
.mangos.3)
25.10.2016 - 10:01 : Module not loaded. Invalid core or version (Buffed
.mangos.3)
25.10.2016 - 10:01 : Module not loaded. Invalid core or version (LookUp
.mangos.3)
25.10.2016 - 10:01 : Module not loaded. Invalid core or version (QuestBuilder
.mangos.3)
25.10.2016 - 10:01 : Module not loaded. Invalid core or version (Character
.mangos.3)
25.10.2016 - 10:02 : Module not loaded. Invalid core or version (Buffed
.mangos.3)
25.10.2016 - 10:02 : Module not loaded. Invalid core or version (LookUp
.mangos.3)
25.10.2016 - 10:02 : Module not loaded. Invalid core or version (QuestBuilder
.mangos.3)
25.10.2016 - 10:02 : Module not loaded. Invalid core or version (Character
.mangos.3)
25.10.2016 - 10:02 : Module not loaded. Invalid core or version (Buffed
.mangos.3)
25.10.2016 - 10:02 : Module not loaded. Invalid core or version (LookUp
.mangos.3)
25.10.2016 - 10:02 : Module not loaded. Invalid core or version (QuestBuilder
.mangos.3)
25.10.2016 - 10:02 : Module not loaded. Invalid core or version (Character
.mangos.3)
25.10.2016 - 10:02 : Module not loaded. Invalid core or version (Buffed
.mangos.3)
25.10.2016 - 10:02 : Module not loaded. Invalid core or version (LookUp
.mangos.3)
25.10.2016 - 10:02 : Module not loaded. Invalid core or version (QuestBuilder
.mangos.3)
25.10.2016 - 10:02 : Module not loaded. Invalid core or version (Character
.mangos.3)
25.10.2016 - 10:02 : Module not loaded. Invalid core or version (Buffed
.mangos.3)
25.10.2016 - 10:02 : Module not loaded. Invalid core or version (LookUp
.mangos.3)
25.10.2016 - 10:02 : Module not loaded. Invalid core or version (QuestBuilder
.mangos.3)
25.10.2016 - 10:02 : Module not loaded. Invalid core or version (Character
.mangos.3)
25.10.2016 - 10:02 : Module not loaded. Invalid core or version (Buffed
.mangos.3)
25.10.2016 - 10:02 : Module not loaded. Invalid core or version (LookUp
.mangos.3)
25.10.2016 - 10:02 : Module not loaded. Invalid core or version (QuestBuilder
.mangos.3)
25.10.2016 - 10:02 : Module not loaded. Invalid core or version (Character
.mangos.3)
25.10.2016 - 10:02 : Module not loaded. Invalid core or version (Buffed
.mangos.3)
25.10.2016 - 10:02 : Module not loaded. Invalid core or version (LookUp
.mangos.3)
25.10.2016 - 10:02 : Module not loaded. Invalid core or version (QuestBuilder
.mangos.3)
25.10.2016 - 10:02 : Module not loaded. Invalid core or version (Character
.mangos.3)
25.10.2016 - 10:02 : Module not loaded. Invalid core or version (Buffed
.mangos.3)
25.10.2016 - 10:02 : Module not loaded. Invalid core or version (LookUp
.mangos.3)
25.10.2016 - 10:02 : Module not loaded. Invalid core or version (QuestBuilder
.mangos.3)
25.10.2016 - 10:02 : Module not loaded. Invalid core or version (Character
.mangos.3)
25.10.2016 - 10:03 : Module not loaded. Invalid core or version (Buffed
.mangos.3)
25.10.2016 - 10:03 : Module not loaded. Invalid core or version (LookUp
.mangos.3)
25.10.2016 - 10:03 : Module not loaded. Invalid core or version (QuestBuilder
.mangos.3)
25.10.2016 - 10:03 : Module not loaded. Invalid core or version (Character
.mangos.3)
25.10.2016 - 10:08 : Module not loaded. Invalid core or version (Buffed
.mangos.3)
25.10.2016 - 10:08 : Module not loaded. Invalid core or version (LookUp
.mangos.3)
25.10.2016 - 10:08 : Module not loaded. Invalid core or version (QuestBuilder
.mangos.3)
25.10.2016 - 10:08 : Module not loaded. Invalid core or version (Character
.mangos.3)
25.10.2016 - 10:09 : Module not loaded. Invalid core or version (Buffed
.mangos.3)
25.10.2016 - 10:09 : Module not loaded. Invalid core or version (LookUp
.mangos.3)
25.10.2016 - 10:09 : Module not loaded. Invalid core or version (QuestBuilder
.mangos.3)
25.10.2016 - 10:09 : Module not loaded. Invalid core or version (Character
.mangos.3)
25.10.2016 - 10:10 : Module not loaded. Invalid core or version (Buffed
.mangos.3)
25.10.2016 - 10:10 : Module not loaded. Invalid core or version (LookUp
.mangos.3)
25.10.2016 - 10:10 : Module not loaded. Invalid core or version (QuestBuilder
.mangos.3)
25.10.2016 - 10:10 : Module not loaded. Invalid core or version (Character
.mangos.3)
25.10.2016 - 10:11 : Module not loaded. Invalid core or version (Buffed
.mangos.3)
25.10.2016 - 10:11 : Module not loaded. Invalid core or version (LookUp
.mangos.3)
25.10.2016 - 10:11 : Module not loaded. Invalid core or version (QuestBuilder
.mangos.3)
25.10.2016 - 10:11 : Module not loaded. Invalid core or version (Character
.mangos.3)
25.10.2016 - 10:12 : Module not loaded. Invalid core or version (Buffed
.mangos.3)
25.10.2016 - 10:12 : Module not loaded. Invalid core or version (LookUp
.mangos.3)
25.10.2016 - 10:12 : Module not loaded. Invalid core or version (QuestBuilder
.mangos.3)
25.10.2016 - 10:12 : Module not loaded. Invalid core or version (Character
.mangos.3)
25.10.2016 - 10:13 : Module not loaded. Invalid core or version (Buffed
.mangos.3)
25.10.2016 - 10:13 : Module not loaded. Invalid core or version (LookUp
.mangos.3)
25.10.2016 - 10:13 : Module not loaded. Invalid core or version (QuestBuilder
.mangos.3)
25.10.2016 - 10:13 : Module not loaded. Invalid core or version (Character
.mangos.3)
25.10.2016 - 10:17 : Module not loaded. Invalid core or version (Buffed
.mangos.3)
25.10.2016 - 10:17 : Module not loaded. Invalid core or version (LookUp
.mangos.3)
25.10.2016 - 10:17 : Module not loaded. Invalid core or version (QuestBuilder
.mangos.3)
25.10.2016 - 10:17 : Module not loaded. Invalid core or version (Character
.mangos.3)
25.10.2016 - 10:18 : Module not loaded. Invalid core or version (Buffed
.mangos.3)
25.10.2016 - 10:18 : Module not loaded. Invalid core or version (LookUp
.mangos.3)
25.10.2016 - 10:18 : Module not loaded. Invalid core or version (QuestBuilder
.mangos.3)
25.10.2016 - 10:18 : Module not loaded. Invalid core or version (Character
.mangos.3)
25.10.2016 - 10:18 : Module not loaded. Invalid core or version (Buffed
.mangos.3)
25.10.2016 - 10:18 : Module not loaded. Invalid core or version (LookUp
.mangos.3)
25.10.2016 - 10:18 : Module not loaded. Invalid core or version (QuestBuilder
.mangos.3)
25.10.2016 - 10:18 : Module not loaded. Invalid core or version (Character
.mangos.3)
25.10.2016 - 10:21 : Module not loaded. Invalid core or version (Buffed
.mangos.3)
25.10.2016 - 10:21 : Module not loaded. Invalid core or version (LookUp
.mangos.3)
25.10.2016 - 10:21 : Module not loaded. Invalid core or version (QuestBuilder
.mangos.3)
25.10.2016 - 10:21 : Module not loaded. Invalid core or version (Character
.mangos.3)
25.10.2016 - 10:21 : Module not loaded. Invalid core or version (Buffed
.mangos.3)
25.10.2016 - 10:21 : Module not loaded. Invalid core or version (LookUp
.mangos.3)
25.10.2016 - 10:21 : Module not loaded. Invalid core or version (QuestBuilder
.mangos.3)
25.10.2016 - 10:21 : Module not loaded. Invalid core or version (Character
.mangos.3)
25.10.2016 - 10:22 : Module not loaded. Invalid core or version (Buffed
.mangos.3)
25.10.2016 - 10:22 : Module not loaded. Invalid core or version (LookUp
.mangos.3)
25.10.2016 - 10:22 : Module not loaded. Invalid core or version (QuestBuilder
.mangos.3)
25.10.2016 - 10:22 : Module not loaded. Invalid core or version (Character
.mangos.3)
25.10.2016 - 10:23 : Module not loaded. Invalid core or version (Buffed
.mangos.3)
25.10.2016 - 10:23 : Module not loaded. Invalid core or version (LookUp
.mangos.3)
25.10.2016 - 10:23 : Module not loaded. Invalid core or version (QuestBuilder
.mangos.3)
25.10.2016 - 10:23 : Module not loaded. Invalid core or version (Character
.mangos.3)
25.10.2016 - 10:24 : Module not loaded. Invalid core or version (Buffed
.mangos.3)
25.10.2016 - 10:24 : Module not loaded. Invalid core or version (LookUp
.mangos.3)
25.10.2016 - 10:24 : Module not loaded. Invalid core or version (QuestBuilder
.mangos.3)
25.10.2016 - 10:24 : Module not loaded. Invalid core or version (Character
.mangos.3)
25.10.2016 - 10:24 : Module not loaded. Invalid core or version (Buffed
.mangos.3)
25.10.2016 - 10:24 : Module not loaded. Invalid core or version (LookUp
.mangos.3)
25.10.2016 - 10:24 : Module not loaded. Invalid core or version (QuestBuilder
.mangos.3)
25.10.2016 - 10:24 : Module not loaded. Invalid core or version (Character
.mangos.3)
25.10.2016 - 10:25 : Module not loaded. Invalid core or version (Buffed
.mangos.3)
25.10.2016 - 10:25 : Module not loaded. Invalid core or version (LookUp
.mangos.3)
25.10.2016 - 10:25 : Module not loaded. Invalid core or version (QuestBuilder
.mangos.3)
25.10.2016 - 10:25 : Module not loaded. Invalid core or version (Character
.mangos.3)
25.10.2016 - 10:25 : Module not loaded. Invalid core or version (Buffed
.mangos.3)
25.10.2016 - 10:25 : Module not loaded. Invalid core or version (LookUp
.mangos.3)
25.10.2016 - 10:25 : Module not loaded. Invalid core or version (QuestBuilder
.mangos.3)
25.10.2016 - 10:25 : Module not loaded. Invalid core or version (Character
.mangos.3)
25.10.2016 - 10:26 : Module not loaded. Invalid core or version (Buffed
.mangos.3)
25.10.2016 - 10:26 : Module not loaded. Invalid core or version (LookUp
.mangos.3)
25.10.2016 - 10:26 : Module not loaded. Invalid core or version (QuestBuilder
.mangos.3)
25.10.2016 - 10:26 : Module not loaded. Invalid core or version (Character
.mangos.3)
25.10.2016 - 10:27 : Module not loaded. Invalid core or version (Buffed
.mangos.3)
25.10.2016 - 10:27 : Module not loaded. Invalid core or version (LookUp
.mangos.3)
25.10.2016 - 10:27 : Module not loaded. Invalid core or version (QuestBuilder
.mangos.3)
25.10.2016 - 10:27 : Module not loaded. Invalid core or version (Character
.mangos.3)
25.10.2016 - 10:27 : Module not loaded. Invalid core or version (Buffed
.mangos.3)
25.10.2016 - 10:27 : Module not loaded. Invalid core or version (LookUp
.mangos.3)
25.10.2016 - 10:27 : Module not loaded. Invalid core or version (QuestBuilder
.mangos.3)
25.10.2016 - 10:27 : Module not loaded. Invalid core or version (Character
.mangos.3)
25.10.2016 - 10:28 : Module not loaded. Invalid core or version (Buffed
.mangos.3)
25.10.2016 - 10:28 : Module not loaded. Invalid core or version (LookUp
.mangos.3)
25.10.2016 - 10:28 : Module not loaded. Invalid core or version (QuestBuilder
.mangos.3)
25.10.2016 - 10:28 : Module not loaded. Invalid core or version (Character
.mangos.3)
25.10.2016 - 10:28 : Module not loaded. Invalid core or version (Buffed
.mangos.3)
25.10.2016 - 10:28 : Module not loaded. Invalid core or version (LookUp
.mangos.3)
25.10.2016 - 10:28 : Module not loaded. Invalid core or version (QuestBuilder
.mangos.3)
25.10.2016 - 10:28 : Module not loaded. Invalid core or version (Character
.mangos.3)
25.10.2016 - 10:29 : Module not loaded. Invalid core or version (Buffed
.mangos.3)
25.10.2016 - 10:29 : Module not loaded. Invalid core or version (LookUp
.mangos.3)
25.10.2016 - 10:29 : Module not loaded. Invalid core or version (QuestBuilder
.mangos.3)
25.10.2016 - 10:29 : Module not loaded. Invalid core or version (Character
.mangos.3)
25.10.2016 - 10:30 : Module not loaded. Invalid core or version (Buffed
.mangos.3)
25.10.2016 - 10:30 : Module not loaded. Invalid core or version (LookUp
.mangos.3)
25.10.2016 - 10:30 : Module not loaded. Invalid core or version (QuestBuilder
.mangos.3)
25.10.2016 - 10:30 : Module not loaded. Invalid core or version (Character
.mangos.3)
25.10.2016 - 10:31 : Module not loaded. Invalid core or version (Buffed
.mangos.3)
25.10.2016 - 10:31 : Module not loaded. Invalid core or version (LookUp
.mangos.3)
25.10.2016 - 10:31 : Module not loaded. Invalid core or version (QuestBuilder
.mangos.3)
25.10.2016 - 10:31 : Module not loaded. Invalid core or version (Character
.mangos.3)
25.10.2016 - 10:32 : Module not loaded. Invalid core or version (Buffed
.mangos.3)
25.10.2016 - 10:32 : Module not loaded. Invalid core or version (LookUp
.mangos.3)
25.10.2016 - 10:32 : Module not loaded. Invalid core or version (QuestBuilder
.mangos.3)
25.10.2016 - 10:32 : Module not loaded. Invalid core or version (Character
.mangos.3)
25.10.2016 - 10:36 : Module not loaded. Invalid core or version (Buffed
.mangos.3)
25.10.2016 - 10:36 : Module not loaded. Invalid core or version (LookUp
.mangos.3)
25.10.2016 - 10:36 : Module not loaded. Invalid core or version (QuestBuilder
.mangos.3)
25.10.2016 - 10:36 : Module not loaded. Invalid core or version (Character
.mangos.3)
25.10.2016 - 10:40 : Module not loaded. Invalid core or version (Buffed
.mangos.3)
25.10.2016 - 10:40 : Module not loaded. Invalid core or version (LookUp
.mangos.3)
25.10.2016 - 10:40 : Module not loaded. Invalid core or version (QuestBuilder
.mangos.3)
25.10.2016 - 10:40 : Module not loaded. Invalid core or version (Character
.mangos.3)
25.10.2016 - 10:41 : Module not loaded. Invalid core or version (Buffed
.mangos.3)
25.10.2016 - 10:41 : Module not loaded. Invalid core or version (LookUp
.mangos.3)
25.10.2016 - 10:41 : Module not loaded. Invalid core or version (QuestBuilder
.mangos.3)
25.10.2016 - 10:41 : Module not loaded. Invalid core or version (Character
.mangos.3)
25.10.2016 - 10:41 : Module not loaded. Invalid core or version (Buffed
.mangos.3)
25.10.2016 - 10:41 : Module not loaded. Invalid core or version (LookUp
.mangos.3)
25.10.2016 - 10:41 : Module not loaded. Invalid core or version (QuestBuilder
.mangos.3)
25.10.2016 - 10:41 : Module not loaded. Invalid core or version (Character
.mangos.3)
25.10.2016 - 10:42 : Module not loaded. Invalid core or version (Buffed
.mangos.3)
25.10.2016 - 10:42 : Module not loaded. Invalid core or version (LookUp
.mangos.3)
25.10.2016 - 10:42 : Module not loaded. Invalid core or version (QuestBuilder
.mangos.3)
25.10.2016 - 10:42 : Module not loaded. Invalid core or version (Character
.mangos.3)
25.10.2016 - 10:42 : Module not loaded. Invalid core or version (Buffed
.mangos.3)
25.10.2016 - 10:42 : Module not loaded. Invalid core or version (LookUp
.mangos.3)
25.10.2016 - 10:42 : Module not loaded. Invalid core or version (QuestBuilder
.mangos.3)
25.10.2016 - 10:42 : Module not loaded. Invalid core or version (Character
.mangos.3)
25.10.2016 - 10:43 : Module not loaded. Invalid core or version (Buffed
.mangos.3)
25.10.2016 - 10:43 : Module not loaded. Invalid core or version (LookUp
.mangos.3)
25.10.2016 - 10:43 : Module not loaded. Invalid core or version (QuestBuilder
.mangos.3)
25.10.2016 - 10:43 : Module not loaded. Invalid core or version (Character
.mangos.3)
25.10.2016 - 10:43 : Module not loaded. Invalid core or version (Buffed
.mangos.3)
25.10.2016 - 10:43 : Module not loaded. Invalid core or version (LookUp
.mangos.3)
25.10.2016 - 10:43 : Module not loaded. Invalid core or version (QuestBuilder
.mangos.3)
25.10.2016 - 10:43 : Module not loaded. Invalid core or version (Character
.mangos.3)
25.10.2016 - 10:44 : Module not loaded. Invalid core or version (Buffed
.mangos.3)
25.10.2016 - 10:44 : Module not loaded. Invalid core or version (LookUp
.mangos.3)
25.10.2016 - 10:44 : Module not loaded. Invalid core or version (QuestBuilder
.mangos.3)
25.10.2016 - 10:44 : Module not loaded. Invalid core or version (Character
.mangos.3)
25.10.2016 - 10:44 : Module not loaded. Invalid core or version (Buffed
.mangos.3)
25.10.2016 - 10:44 : Module not loaded. Invalid core or version (LookUp
.mangos.3)
25.10.2016 - 10:44 : Module not loaded. Invalid core or version (QuestBuilder
.mangos.3)
25.10.2016 - 10:44 : Module not loaded. Invalid core or version (Character
.mangos.3)
25.10.2016 - 10:44 : Module not loaded. Invalid core or version (Buffed
.mangos.3)
25.10.2016 - 10:44 : Module not loaded. Invalid core or version (LookUp
.mangos.3)
25.10.2016 - 10:44 : Module not loaded. Invalid core or version (QuestBuilder
.mangos.3)
25.10.2016 - 10:44 : Module not loaded. Invalid core or version (Character
.mangos.3)
25.10.2016 - 10:45 : Module not loaded. Invalid core or version (Buffed
.mangos.3)
25.10.2016 - 10:45 : Module not loaded. Invalid core or version (LookUp
.mangos.3)
25.10.2016 - 10:45 : Module not loaded. Invalid core or version (QuestBuilder
.mangos.3)
25.10.2016 - 10:45 : Module not loaded. Invalid core or version (Character
.mangos.3)
25.10.2016 - 10:45 : Module not loaded. Invalid core or version (Buffed
.mangos.3)
25.10.2016 - 10:45 : Module not loaded. Invalid core or version (LookUp
.mangos.3)
25.10.2016 - 10:45 : Module not loaded. Invalid core or version (QuestBuilder
.mangos.3)
25.10.2016 - 10:45 : Module not loaded. Invalid core or version (Character
.mangos.3)
25.10.2016 - 10:45 : Module not loaded. Invalid core or version (Buffed
.mangos.3)
25.10.2016 - 10:45 : Module not loaded. Invalid core or version (LookUp
.mangos.3)
25.10.2016 - 10:45 : Module not loaded. Invalid core or version (QuestBuilder
.mangos.3)
25.10.2016 - 10:45 : Module not loaded. Invalid core or version (Character
.mangos.3)
25.10.2016 - 10:45 : Module not loaded. Invalid core or version (Buffed
.mangos.3)
25.10.2016 - 10:45 : Module not loaded. Invalid core or version (LookUp
.mangos.3)
25.10.2016 - 10:45 : Module not loaded. Invalid core or version (QuestBuilder
.mangos.3)
25.10.2016 - 10:45 : Module not loaded. Invalid core or version (Character
.mangos.3)
25.10.2016 - 10:45 : Module not loaded. Invalid core or version (Buffed
.mangos.3)
25.10.2016 - 10:45 : Module not loaded. Invalid core or version (LookUp
.mangos.3)
25.10.2016 - 10:45 : Module not loaded. Invalid core or version (QuestBuilder
.mangos.3)
25.10.2016 - 10:45 : Module not loaded. Invalid core or version (Character
.mangos.3)
25.10.2016 - 10:46 : Module not loaded. Invalid core or version (Buffed
.mangos.3)
25.10.2016 - 10:46 : Module not loaded. Invalid core or version (LookUp
.mangos.3)
25.10.2016 - 10:46 : Module not loaded. Invalid core or version (QuestBuilder
.mangos.3)
25.10.2016 - 10:46 : Module not loaded. Invalid core or version (Character
.mangos.3)
25.10.2016 - 10:46 : Module not loaded. Invalid core or version (Buffed
.mangos.3)
25.10.2016 - 10:46 : Module not loaded. Invalid core or version (LookUp
.mangos.3)
25.10.2016 - 10:46 : Module not loaded. Invalid core or version (QuestBuilder
.mangos.3)
25.10.2016 - 10:46 : Module not loaded. Invalid core or version (Character
.mangos.3)
25.10.2016 - 10:47 : Module not loaded. Invalid core or version (Buffed
.mangos.3)
25.10.2016 - 10:47 : Module not loaded. Invalid core or version (LookUp
.mangos.3)
25.10.2016 - 10:47 : Module not loaded. Invalid core or version (QuestBuilder
.mangos.3)
25.10.2016 - 10:47 : Module not loaded. Invalid core or version (Character
.mangos.3)
25.10.2016 - 10:48 : Module not loaded. Invalid core or version (Buffed
.mangos.3)
25.10.2016 - 10:48 : Module not loaded. Invalid core or version (LookUp
.mangos.3)
25.10.2016 - 10:48 : Module not loaded. Invalid core or version (QuestBuilder
.mangos.3)
25.10.2016 - 10:48 : Module not loaded. Invalid core or version (Character
.mangos.3)
25.10.2016 - 10:48 : Module not loaded. Invalid core or version (Buffed
.mangos.3)
25.10.2016 - 10:48 : Module not loaded. Invalid core or version (LookUp
.mangos.3)
25.10.2016 - 10:48 : Module not loaded. Invalid core or version (QuestBuilder
.mangos.3)
25.10.2016 - 10:48 : Module not loaded. Invalid core or version (Character
.mangos.3)
25.10.2016 - 10:48 : Module not loaded. Invalid core or version (Buffed
.mangos.3)
25.10.2016 - 10:48 : Module not loaded. Invalid core or version (LookUp
.mangos.3)
25.10.2016 - 10:48 : Module not loaded. Invalid core or version (QuestBuilder
.mangos.3)
25.10.2016 - 10:48 : Module not loaded. Invalid core or version (Character
.mangos.3)
25.10.2016 - 10:49 : Module not loaded. Invalid core or version (Buffed
.mangos.3)
25.10.2016 - 10:49 : Module not loaded. Invalid core or version (LookUp
.mangos.3)
25.10.2016 - 10:49 : Module not loaded. Invalid core or version (QuestBuilder
.mangos.3)
25.10.2016 - 10:49 : Module not loaded. Invalid core or version (Character
.mangos.3)
25.10.2016 - 10:49 : Module not loaded. Invalid core or version (Buffed
.mangos.3)
25.10.2016 - 10:49 : Module not loaded. Invalid core or version (LookUp
.mangos.3)
25.10.2016 - 10:49 : Module not loaded. Invalid core or version (QuestBuilder
.mangos.3)
25.10.2016 - 10:49 : Module not loaded. Invalid core or version (Character
.mangos.3)
25.10.2016 - 11:19 : Module not loaded. Invalid core or version (Buffed
.mangos.3)
25.10.2016 - 11:19 : Module not loaded. Invalid core or version (LookUp
.mangos.3)
25.10.2016 - 11:19 : Module not loaded. Invalid core or version (QuestBuilder
.mangos.3)
25.10.2016 - 11:19 : Module not loaded. Invalid core or version (Character
.mangos.3)
25.10.2016 - 11:19 : Module not loaded. Invalid core or version (Buffed
.mangos.3)
25.10.2016 - 11:19 : Module not loaded. Invalid core or version (LookUp
.mangos.3)
25.10.2016 - 11:19 : Module not loaded. Invalid core or version (QuestBuilder
.mangos.3)
25.10.2016 - 11:19 : Module not loaded. Invalid core or version (Character
.mangos.3)
25.10.2016 - 11:25 : Module not loaded. Invalid core or version (Buffed
.mangos.3)
25.10.2016 - 11:25 : Module not loaded. Invalid core or version (LookUp
.mangos.3)
25.10.2016 - 11:25 : Module not loaded. Invalid core or version (QuestBuilder
.mangos.3)
25.10.2016 - 11:25 : Module not loaded. Invalid core or version (Character
.mangos.3)
25.10.2016 - 11:25 : Module not loaded. Invalid core or version (Buffed
.mangos.3)
25.10.2016 - 11:25 : Module not loaded. Invalid core or version (LookUp
.mangos.3)
25.10.2016 - 11:25 : Module not loaded. Invalid core or version (QuestBuilder
.mangos.3)
25.10.2016 - 11:25 : Module not loaded. Invalid core or version (Character
.mangos.3)
25.10.2016 - 11:25 : Module not loaded. Invalid core or version (Buffed
.mangos.3)
25.10.2016 - 11:25 : Module not loaded. Invalid core or version (LookUp
.mangos.3)
25.10.2016 - 11:25 : Module not loaded. Invalid core or version (QuestBuilder
.mangos.3)
25.10.2016 - 11:25 : Module not loaded. Invalid core or version (Character
.mangos.3)
25.10.2016 - 11:26 : Module not loaded. Invalid core or version (Buffed
.mangos.3)
25.10.2016 - 11:26 : Module not loaded. Invalid core or version (LookUp
.mangos.3)
25.10.2016 - 11:26 : Module not loaded. Invalid core or version (QuestBuilder
.mangos.3)
25.10.2016 - 11:26 : Module not loaded. Invalid core or version (Character
.mangos.3)
25.10.2016 - 11:38 : Module not loaded. Invalid core or version (Buffed
.mangos.3)
25.10.2016 - 11:38 : Module not loaded. Invalid core or version (LookUp
.mangos.3)
25.10.2016 - 11:38 : Module not loaded. Invalid core or version (QuestBuilder
.mangos.3)
25.10.2016 - 11:38 : Module not loaded. Invalid core or version (Character
.mangos.3)
25.10.2016 - 11:38 : Module not loaded. Invalid core or version (Buffed
.mangos.3)
25.10.2016 - 11:38 : Module not loaded. Invalid core or version (LookUp
.mangos.3)
25.10.2016 - 11:38 : Module not loaded. Invalid core or version (QuestBuilder
.mangos.3)
25.10.2016 - 11:38 : Module not loaded. Invalid core or version (Character
.mangos.3)
25.10.2016 - 11:38 : Module not loaded. Invalid core or version (Buffed
.mangos.3)
25.10.2016 - 11:38 : Module not loaded. Invalid core or version (LookUp
.mangos.3)
25.10.2016 - 11:38 : Module not loaded. Invalid core or version (QuestBuilder
.mangos.3)
25.10.2016 - 11:38 : Module not loaded. Invalid core or version (Character
.mangos.3)
25.10.2016 - 11:38 : Module not loaded. Invalid core or version (Buffed
.mangos.3)
25.10.2016 - 11:38 : Module not loaded. Invalid core or version (LookUp
.mangos.3)
25.10.2016 - 11:38 : Module not loaded. Invalid core or version (QuestBuilder
.mangos.3)
25.10.2016 - 11:38 : Module not loaded. Invalid core or version (Character
.mangos.3)
25.10.2016 - 11:39 : Module not loaded. Invalid core or version (Buffed
.mangos.3)
25.10.2016 - 11:39 : Module not loaded. Invalid core or version (LookUp
.mangos.3)
25.10.2016 - 11:39 : Module not loaded. Invalid core or version (QuestBuilder
.mangos.3)
25.10.2016 - 11:39 : Module not loaded. Invalid core or version (Character
.mangos.3)
25.10.2016 - 11:39 : Module not loaded. Invalid core or version (Buffed
.mangos.3)
25.10.2016 - 11:39 : Module not loaded. Invalid core or version (LookUp
.mangos.3)
25.10.2016 - 11:39 : Module not loaded. Invalid core or version (QuestBuilder
.mangos.3)
25.10.2016 - 11:39 : Module not loaded. Invalid core or version (Character
.mangos.3)
25.10.2016 - 11:46 : Module not loaded. Invalid core or version (Buffed
.mangos.3)
25.10.2016 - 11:46 : Module not loaded. Invalid core or version (LookUp
.mangos.3)
25.10.2016 - 11:46 : Module not loaded. Invalid core or version (QuestBuilder
.mangos.3)
25.10.2016 - 11:46 : Module not loaded. Invalid core or version (Character
.mangos.3)
25.10.2016 - 11:48 : Module not loaded. Invalid core or version (Buffed
.mangos.3)
25.10.2016 - 11:48 : Module not loaded. Invalid core or version (LookUp
.mangos.3)
25.10.2016 - 11:48 : Module not loaded. Invalid core or version (QuestBuilder
.mangos.3)
25.10.2016 - 11:48 : Module not loaded. Invalid core or version (Character
.mangos.3)
25.10.2016 - 11:56 : Module not loaded. Invalid core or version (Buffed
.mangos.3)
25.10.2016 - 11:56 : Module not loaded. Invalid core or version (LookUp
.mangos.3)
25.10.2016 - 14:02 : Module not loaded. Invalid core or version (Buffed
.mangos.3)
25.10.2016 - 14:02 : Module not loaded. Invalid core or version (LookUp
.mangos.3)
25.10.2016 - 14:02 : Module not loaded. Invalid core or version (QuestBuilder
.mangos.3)
25.10.2016 - 14:02 : Module not loaded. Invalid core or version (Character
.mangos.3)
25.10.2016 - 14:03 : Module not loaded. Invalid core or version (Buffed
.mangos.3)
25.10.2016 - 14:03 : Module not loaded. Invalid core or version (LookUp
.mangos.3)
25.10.2016 - 14:03 : Module not loaded. Invalid core or version (QuestBuilder
.mangos.3)
25.10.2016 - 14:03 : Module not loaded. Invalid core or version (Character
.mangos.3)
25.10.2016 - 14:04 : Module not loaded. Invalid core or version (Buffed
.mangos.3)
25.10.2016 - 14:04 : Module not loaded. Invalid core or version (LookUp
.mangos.3)
25.10.2016 - 14:04 : Module not loaded. Invalid core or version (QuestBuilder
.mangos.3)
25.10.2016 - 14:04 : Module not loaded. Invalid core or version (Character
.mangos.3)
25.10.2016 - 14:05 : Module not loaded. Invalid core or version (Buffed
.mangos.3)
25.10.2016 - 14:05 : Module not loaded. Invalid core or version (LookUp
.mangos.3)
25.10.2016 - 14:05 : Module not loaded. Invalid core or version (QuestBuilder
.mangos.3)
25.10.2016 - 14:05 : Module not loaded. Invalid core or version (Character
.mangos.3)
25.10.2016 - 14:05 : Module not loaded. Invalid core or version (Buffed
.mangos.3)
25.10.2016 - 14:05 : Module not loaded. Invalid core or version (LookUp
.mangos.3)
25.10.2016 - 14:05 : Module not loaded. Invalid core or version (QuestBuilder
.mangos.3)
25.10.2016 - 14:05 : Module not loaded. Invalid core or version (Character
.mangos.3)
25.10.2016 - 14:13 : Module not loaded. Invalid core or version (Buffed
.mangos.3)
25.10.2016 - 14:13 : Module not loaded. Invalid core or version (LookUp
.mangos.3)
25.10.2016 - 14:13 : Module not loaded. Invalid core or version (QuestBuilder
.mangos.3)
25.10.2016 - 14:13 : Module not loaded. Invalid core or version (Character
.mangos.3)
25.10.2016 - 14:16 : Module not loaded. Invalid core or version (Buffed
.mangos.3)
25.10.2016 - 14:16 : Module not loaded. Invalid core or version (LookUp
.mangos.3)
25.10.2016 - 14:16 : Module not loaded. Invalid core or version (QuestBuilder
.mangos.3)
25.10.2016 - 14:16 : Module not loaded. Invalid core or version (Character
.mangos.3)
25.10.2016 - 14:17 : Module not loaded. Invalid core or version (Buffed
.mangos.3)
25.10.2016 - 14:17 : Module not loaded. Invalid core or version (LookUp
.mangos.3)
25.10.2016 - 14:17 : Module not loaded. Invalid core or version (QuestBuilder
.mangos.3)
25.10.2016 - 14:17 : Module not loaded. Invalid core or version (Character
.mangos.3)
25.10.2016 - 14:19 : Module not loaded. Invalid core or version (Buffed
.mangos.3)
25.10.2016 - 14:19 : Module not loaded. Invalid core or version (LookUp
.mangos.3)
25.10.2016 - 14:19 : Module not loaded. Invalid core or version (QuestBuilder
.mangos.3)
25.10.2016 - 14:19 : Module not loaded. Invalid core or version (Character
.mangos.3)
25.10.2016 - 14:20 : Module not loaded. Invalid core or version (Buffed
.mangos.3)
25.10.2016 - 14:20 : Module not loaded. Invalid core or version (LookUp
.mangos.3)
25.10.2016 - 14:20 : Module not loaded. Invalid core or version (QuestBuilder
.mangos.3)
25.10.2016 - 14:20 : Module not loaded. Invalid core or version (Character
.mangos.3)
25.10.2016 - 14:21 : Module not loaded. Invalid core or version (Buffed
.mangos.3)
25.10.2016 - 14:21 : Module not loaded. Invalid core or version (LookUp
.mangos.3)
25.10.2016 - 14:21 : Module not loaded. Invalid core or version (QuestBuilder
.mangos.3)
25.10.2016 - 14:21 : Module not loaded. Invalid core or version (Character
.mangos.3)
25.10.2016 - 14:22 : Module not loaded. Invalid core or version (Buffed
.mangos.3)
25.10.2016 - 14:22 : Module not loaded. Invalid core or version (LookUp
.mangos.3)
25.10.2016 - 14:22 : Module not loaded. Invalid core or version (QuestBuilder
.mangos.3)
25.10.2016 - 14:22 : Module not loaded. Invalid core or version (Character
.mangos.3)
25.10.2016 - 14:22 : Module not loaded. Invalid core or version (Buffed
.mangos.3)
25.10.2016 - 14:22 : Module not loaded. Invalid core or version (LookUp
.mangos.3)
25.10.2016 - 14:22 : Module not loaded. Invalid core or version (QuestBuilder
.mangos.3)
25.10.2016 - 14:22 : Module not loaded. Invalid core or version (Character
.mangos.3)
25.10.2016 - 14:23 : Module not loaded. Invalid core or version (Buffed
.mangos.3)
25.10.2016 - 14:23 : Module not loaded. Invalid core or version (LookUp
.mangos.3)
25.10.2016 - 14:23 : Module not loaded. Invalid core or version (QuestBuilder
.mangos.3)
25.10.2016 - 14:23 : Module not loaded. Invalid core or version (Character
.mangos.3)
25.10.2016 - 14:23 : Module not loaded. Invalid core or version (Buffed
.mangos.3)
25.10.2016 - 14:23 : Module not loaded. Invalid core or version (LookUp
.mangos.3)
25.10.2016 - 14:23 : Module not loaded. Invalid core or version (QuestBuilder
.mangos.3)
25.10.2016 - 14:23 : Module not loaded. Invalid core or version (Character
.mangos.3)
25.10.2016 - 14:25 : Module not loaded. Invalid core or version (Buffed
.mangos.3)
25.10.2016 - 14:25 : Module not loaded. Invalid core or version (LookUp
.mangos.3)
25.10.2016 - 14:25 : Module not loaded. Invalid core or version (QuestBuilder
.mangos.3)
25.10.2016 - 14:25 : Module not loaded. Invalid core or version (Character
.mangos.3)
25.10.2016 - 14:26 : Module not loaded. Invalid core or version (Buffed
.mangos.3)
25.10.2016 - 14:26 : Module not loaded. Invalid core or version (LookUp
.mangos.3)
25.10.2016 - 14:26 : Module not loaded. Invalid core or version (QuestBuilder
.mangos.3)
25.10.2016 - 14:26 : Module not loaded. Invalid core or version (Character
.mangos.3)
25.10.2016 - 14:26 : Module not loaded. Invalid core or version (Buffed
.mangos.3)
25.10.2016 - 14:26 : Module not loaded. Invalid core or version (LookUp
.mangos.3)
25.10.2016 - 14:26 : Module not loaded. Invalid core or version (QuestBuilder
.mangos.3)
25.10.2016 - 14:26 : Module not loaded. Invalid core or version (Character
.mangos.3)
25.10.2016 - 14:27 : Module not loaded. Invalid core or version (Buffed
.mangos.3)
25.10.2016 - 14:27 : Module not loaded. Invalid core or version (LookUp
.mangos.3)
25.10.2016 - 14:27 : Module not loaded. Invalid core or version (QuestBuilder
.mangos.3)
25.10.2016 - 14:27 : Module not loaded. Invalid core or version (Character
.mangos.3)
25.10.2016 - 14:45 : Module not loaded. Invalid core or version (Buffed
.mangos.3)
25.10.2016 - 14:45 : Module not loaded. Invalid core or version (LookUp
.mangos.3)
25.10.2016 - 14:46 : Module not loaded. Invalid core or version (Buffed
.mangos.3)
25.10.2016 - 14:46 : Module not loaded. Invalid core or version (LookUp
.mangos.3)
25.10.2016 - 14:46 : Module not loaded. Invalid core or version (Buffed
.mangos.3)
25.10.2016 - 14:46 : Module not loaded. Invalid core or version (LookUp
.mangos.3)
25.10.2016 - 14:49 : Module not loaded. Invalid core or version (Buffed
.mangos.3)
25.10.2016 - 14:49 : Module not loaded. Invalid core or version (LookUp
.mangos.3)
25.10.2016 - 14:49 : Module not loaded. Invalid core or version (QuestBuilder
.mangos.3)
25.10.2016 - 14:49 : Module not loaded. Invalid core or version (Character
.mangos.3)
25.10.2016 - 14:50 : Module not loaded. Invalid core or version (Buffed
.mangos.3)
25.10.2016 - 14:50 : Module not loaded. Invalid core or version (LookUp
.mangos.3)
25.10.2016 - 14:50 : Module not loaded. Invalid core or version (QuestBuilder
.mangos.3)
25.10.2016 - 14:50 : Module not loaded. Invalid core or version (Character
.mangos.3)
25.10.2016 - 14:50 : Module not loaded. Invalid core or version (Buffed
.mangos.3)
25.10.2016 - 14:50 : Module not loaded. Invalid core or version (LookUp
.mangos.3)
25.10.2016 - 14:50 : Module not loaded. Invalid core or version (Buffed
.mangos.3)
25.10.2016 - 14:50 : Module not loaded. Invalid core or version (LookUp
.mangos.3)
25.10.2016 - 14:50 : Module not loaded. Invalid core or version (QuestBuilder
.mangos.3)
25.10.2016 - 14:50 : Module not loaded. Invalid core or version (Character
.mangos.3)
25.10.2016 - 14:51 : Module not loaded. Invalid core or version (Buffed
.mangos.3)
25.10.2016 - 14:51 : Module not loaded. Invalid core or version (LookUp
.mangos.3)
25.10.2016 - 14:51 : Module not loaded. Invalid core or version (QuestBuilder
.mangos.3)
25.10.2016 - 14:51 : Module not loaded. Invalid core or version (Character
.mangos.3)
25.10.2016 - 14:56 : Module not loaded. Invalid core or version (Buffed
.mangos.3)
25.10.2016 - 14:56 : Module not loaded. Invalid core or version (LookUp
.mangos.3)
25.10.2016 - 14:56 : Module not loaded. Invalid core or version (QuestBuilder
.mangos.3)
25.10.2016 - 14:56 : Module not loaded. Invalid core or version (Character
.mangos.3)
25.10.2016 - 14:56 : Module not loaded. Invalid core or version (Buffed
.mangos.3)
25.10.2016 - 14:56 : Module not loaded. Invalid core or version (LookUp
.mangos.3)
25.10.2016 - 14:56 : Module not loaded. Invalid core or version (QuestBuilder
.mangos.3)
25.10.2016 - 14:56 : Module not loaded. Invalid core or version (Character
.mangos.3)
25.10.2016 - 14:57 : Module not loaded. Invalid core or version (Buffed
.mangos.3)
25.10.2016 - 14:57 : Module not loaded. Invalid core or version (LookUp
.mangos.3)
25.10.2016 - 14:57 : Module not loaded. Invalid core or version (QuestBuilder
.mangos.3)
25.10.2016 - 14:57 : Module not loaded. Invalid core or version (Character
.mangos.3)
25.10.2016 - 14:57 : Module not loaded. Invalid core or version (Buffed
.mangos.3)
25.10.2016 - 14:57 : Module not loaded. Invalid core or version (LookUp
.mangos.3)
25.10.2016 - 14:57 : Module not loaded. Invalid core or version (QuestBuilder
.mangos.3)
25.10.2016 - 14:57 : Module not loaded. Invalid core or version (Character
.mangos.3)
